[    1109ms] [INFO] %cDownload the React DevTools for a better development experience: https://react.dev/link/react-devtools font-weight:bold @ http://localhost:3000/_next/static/chunks/node_modules_next_dist_115brz8._.js:2534
[    1194ms] [LOG] [HMR] connected @ http://localhost:3000/_next/static/chunks/node_modules_next_dist_115brz8._.js:2534
[    1436ms] [LOG] [Fast Refresh] rebuilding @ http://localhost:3000/_next/static/chunks/node_modules_next_dist_115brz8._.js:2534
[    1624ms] [WARNING] Image with src "http://localhost:3000/home/hero/hero-blur.svg" has "fill" and parent element with invalid "position". Provided "static" should be one of absolute,fixed,relative. @ http://localhost:3000/_next/static/chunks/node_modules_next_dist_115brz8._.js:2534
[    1624ms] [WARNING] Image with src "http://localhost:3000/home/hero/hero-glow-left.svg" has either width or height modified, but not the other. If you use CSS to change the size of your image, also include the styles 'width: "auto"' or 'height: "auto"' to maintain the aspect ratio. @ http://localhost:3000/_next/static/chunks/node_modules_next_dist_115brz8._.js:2534
[    1624ms] [WARNING] Image with src "http://localhost:3000/home/hero/hero-glow-right.svg" has either width or height modified, but not the other. If you use CSS to change the size of your image, also include the styles 'width: "auto"' or 'height: "auto"' to maintain the aspect ratio. @ http://localhost:3000/_next/static/chunks/node_modules_next_dist_115brz8._.js:2534
[    1624ms] [WARNING] Image with src "/home/hero/hero-bg-image.png" has "fill" and parent element with invalid "position". Provided "static" should be one of absolute,fixed,relative. @ http://localhost:3000/_next/static/chunks/node_modules_next_dist_115brz8._.js:2534
[    1630ms] [WARNING] Image with src "/home/splash.png" has "fill" but is missing "sizes" prop. Please add it to improve page performance. Read more: https://nextjs.org/docs/api-reference/next/image#sizes @ http://localhost:3000/_next/static/chunks/node_modules_next_dist_115brz8._.js:2534
[    1631ms] [WARNING] Image with src "https://cv.subcodeco.com/storage/74/alvan-nee-Tn-Su7MoDNA-unsplash.jpg" has either width or height modified, but not the other. If you use CSS to change the size of your image, also include the styles 'width: "auto"' or 'height: "auto"' to maintain the aspect ratio. @ http://localhost:3000/_next/static/chunks/node_modules_next_dist_115brz8._.js:2534
[    1919ms] [WARNING] Image with src "/home/hero/hero-bg-image.png" has "fill" and a height value of 0. This is likely because the parent element of the image has not been styled to have a set height. @ http://localhost:3000/_next/static/chunks/node_modules_next_dist_115brz8._.js:2534
[    2458ms] [LOG] [Fast Refresh] done in 1168ms @ http://localhost:3000/_next/static/chunks/node_modules_next_dist_115brz8._.js:2534
[   13143ms] [LOG] [Fast Refresh] rebuilding @ http://localhost:3000/_next/static/chunks/node_modules_next_dist_115brz8._.js:2534
[   14900ms] [LOG] [Fast Refresh] done in 1863ms @ http://localhost:3000/_next/static/chunks/node_modules_next_dist_115brz8._.js:2534
[   36714ms] [LOG] [Fast Refresh] rebuilding @ http://localhost:3000/_next/static/chunks/node_modules_next_dist_115brz8._.js:2534
[   36716ms] [LOG] [Fast Refresh] done in 139ms @ http://localhost:3000/_next/static/chunks/node_modules_next_dist_115brz8._.js:2534
[   36829ms] [LOG] [Fast Refresh] rebuilding @ http://localhost:3000/_next/static/chunks/node_modules_next_dist_115brz8._.js:2534
[   36830ms] [LOG] [Fast Refresh] done in 112ms @ http://localhost:3000/_next/static/chunks/node_modules_next_dist_115brz8._.js:2534
[   67824ms] [LOG] [Fast Refresh] rebuilding @ http://localhost:3000/_next/static/chunks/node_modules_next_dist_115brz8._.js:2534
[   68982ms] [LOG] [Fast Refresh] done in 1262ms @ http://localhost:3000/_next/static/chunks/node_modules_next_dist_115brz8._.js:2534
[   69258ms] [LOG] [Fast Refresh] rebuilding @ http://localhost:3000/_next/static/chunks/node_modules_next_dist_115brz8._.js:2534
[   72144ms] [LOG] [Fast Refresh] done in 2994ms @ http://localhost:3000/_next/static/chunks/node_modules_next_dist_115brz8._.js:2534
[   72296ms] [LOG] [Fast Refresh] rebuilding @ http://localhost:3000/_next/static/chunks/node_modules_next_dist_115brz8._.js:2534
[   72300ms] [LOG] [Fast Refresh] done in 106ms @ http://localhost:3000/_next/static/chunks/node_modules_next_dist_115brz8._.js:2534
[   72471ms] [LOG] [Fast Refresh] rebuilding @ http://localhost:3000/_next/static/chunks/node_modules_next_dist_115brz8._.js:2534
[   74440ms] [LOG] [Fast Refresh] done in 2073ms @ http://localhost:3000/_next/static/chunks/node_modules_next_dist_115brz8._.js:2534
[   74888ms] [LOG] [Fast Refresh] rebuilding @ http://localhost:3000/_next/static/chunks/node_modules_next_dist_115brz8._.js:2534
[   82548ms] [LOG] [Fast Refresh] done in 7776ms @ http://localhost:3000/_next/static/chunks/node_modules_next_dist_115brz8._.js:2534
[   82757ms] [LOG] [Fast Refresh] rebuilding @ http://localhost:3000/_next/static/chunks/node_modules_next_dist_115brz8._.js:2534
[   82758ms] [LOG] [Fast Refresh] done in 4ms @ http://localhost:3000/_next/static/chunks/node_modules_next_dist_115brz8._.js:2534
[   83114ms] [LOG] [Fast Refresh] rebuilding @ http://localhost:3000/_next/static/chunks/node_modules_next_dist_115brz8._.js:2534
[   84944ms] [LOG] [Fast Refresh] done in 1937ms @ http://localhost:3000/_next/static/chunks/node_modules_next_dist_115brz8._.js:2534
[   85132ms] [LOG] [Fast Refresh] rebuilding @ http://localhost:3000/_next/static/chunks/node_modules_next_dist_115brz8._.js:2534
[   87174ms] [LOG] [Fast Refresh] done in 2146ms @ http://localhost:3000/_next/static/chunks/node_modules_next_dist_115brz8._.js:2534
[   87375ms] [LOG] [Fast Refresh] rebuilding @ http://localhost:3000/_next/static/chunks/node_modules_next_dist_115brz8._.js:2534
[   93510ms] [LOG] [Fast Refresh] done in 6246ms @ http://localhost:3000/_next/static/chunks/node_modules_next_dist_115brz8._.js:2534
[   93802ms] [LOG] [Fast Refresh] rebuilding @ http://localhost:3000/_next/static/chunks/node_modules_next_dist_115brz8._.js:2534
[   95582ms] [LOG] [Fast Refresh] done in 1892ms @ http://localhost:3000/_next/static/chunks/node_modules_next_dist_115brz8._.js:2534
[   95782ms] [LOG] [Fast Refresh] rebuilding @ http://localhost:3000/_next/static/chunks/node_modules_next_dist_115brz8._.js:2534
